The target system is: Generic -  - 
The host system is: Linux - 4.9.0-9-amd64 - x86_64
Compiling the C compiler identification source file "CMakeCCompilerId.c" succeeded.
Compiler: /home/bas/.espressif/tools/xtensa-esp32-elf/esp32-2019r1-8.2.0/xtensa-esp32-elf/bin/xtensa-esp32-elf-gcc 
Build flags: -mlongcalls;-Wno-frame-address
Id flags: 

The output was:
0


Compilation of the C compiler identification source "CMakeCCompilerId.c" produced "a.out"

The C compiler identification is GNU, found in "/home/bas/project_eindwerk.ssh/eindwerk/build/CMakeFiles/3.7.2/CompilerIdC/a.out"

Compiling the CXX compiler identification source file "CMakeCXXCompilerId.cpp" succeeded.
Compiler: /home/bas/.espressif/tools/xtensa-esp32-elf/esp32-2019r1-8.2.0/xtensa-esp32-elf/bin/xtensa-esp32-elf-g++ 
Build flags: -mlongcalls;-Wno-frame-address
Id flags: 

The output was:
0


Compilation of the CXX compiler identification source "CMakeCXXCompilerId.cpp" produced "a.out"

The CXX compiler identification is GNU, found in "/home/bas/project_eindwerk.ssh/eindwerk/build/CMakeFiles/3.7.2/CompilerIdCXX/a.out"

Checking whether the ASM compiler is GNU using "--version" matched "(GNU assembler)|(GCC)|(Free Software Foundation)":
xtensa-esp32-elf-gcc (crosstool-NG esp32-2019r1) 8.2.0
Copyright (C) 2018 Free Software Foundation, Inc.
This is free software; see the source for copying conditions.  There is NO
warranty; not even for MERCHANTABILITY or FITNESS FOR A PARTICULAR PURPOSE.

Determining if the C compiler works passed with the following output:
Change Dir: /home/bas/project_eindwerk.ssh/eindwerk/build/CMakeFiles/CMakeTmp

Run Build Command:"/usr/bin/make" "cmTC_46caf/fast"
/usr/bin/make -f CMakeFiles/cmTC_46caf.dir/build.make CMakeFiles/cmTC_46caf.dir/build
make[1]: Entering directory '/home/bas/project_eindwerk.ssh/eindwerk/build/CMakeFiles/CMakeTmp'
Building C object CMakeFiles/cmTC_46caf.dir/testCCompiler.c.obj
/home/bas/.espressif/tools/xtensa-esp32-elf/esp32-2019r1-8.2.0/xtensa-esp32-elf/bin/xtensa-esp32-elf-gcc    -mlongcalls -Wno-frame-address    -o CMakeFiles/cmTC_46caf.dir/testCCompiler.c.obj   -c /home/bas/project_eindwerk.ssh/eindwerk/build/CMakeFiles/CMakeTmp/testCCompiler.c
Linking C executable cmTC_46caf
/usr/bin/cmake -E cmake_link_script CMakeFiles/cmTC_46caf.dir/link.txt --verbose=1
/home/bas/.espressif/tools/xtensa-esp32-elf/esp32-2019r1-8.2.0/xtensa-esp32-elf/bin/xtensa-esp32-elf-gcc  -mlongcalls -Wno-frame-address   -nostdlib  CMakeFiles/cmTC_46caf.dir/testCCompiler.c.obj  -o cmTC_46caf 
/home/bas/.espressif/tools/xtensa-esp32-elf/esp32-2019r1-8.2.0/xtensa-esp32-elf/bin/../lib/gcc/xtensa-esp32-elf/8.2.0/../../../../xtensa-esp32-elf/bin/ld: warning: cannot find entry symbol _start; defaulting to 0000000000400054
make[1]: Leaving directory '/home/bas/project_eindwerk.ssh/eindwerk/build/CMakeFiles/CMakeTmp'


Detecting C compiler ABI info compiled with the following output:
Change Dir: /home/bas/project_eindwerk.ssh/eindwerk/build/CMakeFiles/CMakeTmp

Run Build Command:"/usr/bin/make" "cmTC_f3f4d/fast"
/usr/bin/make -f CMakeFiles/cmTC_f3f4d.dir/build.make CMakeFiles/cmTC_f3f4d.dir/build
make[1]: Entering directory '/home/bas/project_eindwerk.ssh/eindwerk/build/CMakeFiles/CMakeTmp'
Building C object CMakeFiles/cmTC_f3f4d.dir/CMakeCCompilerABI.c.obj
/home/bas/.espressif/tools/xtensa-esp32-elf/esp32-2019r1-8.2.0/xtensa-esp32-elf/bin/xtensa-esp32-elf-gcc    -mlongcalls -Wno-frame-address    -o CMakeFiles/cmTC_f3f4d.dir/CMakeCCompilerABI.c.obj   -c /usr/share/cmake-3.7/Modules/CMakeCCompilerABI.c
Linking C executable cmTC_f3f4d
/usr/bin/cmake -E cmake_link_script CMakeFiles/cmTC_f3f4d.dir/link.txt --verbose=1
/home/bas/.espressif/tools/xtensa-esp32-elf/esp32-2019r1-8.2.0/xtensa-esp32-elf/bin/xtensa-esp32-elf-gcc  -mlongcalls -Wno-frame-address   -nostdlib -v CMakeFiles/cmTC_f3f4d.dir/CMakeCCompilerABI.c.obj  -o cmTC_f3f4d  
Using built-in specs.
COLLECT_GCC=/home/bas/.espressif/tools/xtensa-esp32-elf/esp32-2019r1-8.2.0/xtensa-esp32-elf/bin/xtensa-esp32-elf-gcc
COLLECT_LTO_WRAPPER=/home/bas/.espressif/tools/xtensa-esp32-elf/esp32-2019r1-8.2.0/xtensa-esp32-elf/bin/../libexec/gcc/xtensa-esp32-elf/8.2.0/lto-wrapper
Target: xtensa-esp32-elf
Configured with: /builds/idf/crosstool-NG/.build/xtensa-esp32-elf/src/gcc/configure --build=x86_64-build_pc-linux-gnu --host=x86_64-build_pc-linux-gnu --target=xtensa-esp32-elf --prefix=/builds/idf/crosstool-NG/builds/xtensa-esp32-elf --with-local-prefix=/builds/idf/crosstool-NG/builds/xtensa-esp32-elf/xtensa-esp32-elf --with-headers=/builds/idf/crosstool-NG/builds/xtensa-esp32-elf/xtensa-esp32-elf/include --with-newlib --enable-threads=no --disable-shared --with-pkgversion='crosstool-NG esp32-2019r1' --disable-__cxa_atexit --enable-cxx-flags='-fno-rtti -ffunction-sections' --disable-libgomp --disable-libmudflap --disable-libmpx --disable-libssp --disable-libquadmath --disable-libquadmath-support --with-gmp=/builds/idf/crosstool-NG/.build/xtensa-esp32-elf/buildtools --with-mpfr=/builds/idf/crosstool-NG/.build/xtensa-esp32-elf/buildtools --with-mpc=/builds/idf/crosstool-NG/.build/xtensa-esp32-elf/buildtools --with-isl=/builds/idf/crosstool-NG/.build/xtensa-esp32-elf/buildtools --enable-lto --enable-target-optspace --without-long-double-128 --disable-nls --enable-multiarch --enable-languages=c,c++ --disable-libstdcxx-verbose --enable-threads=posix --enable-gcov-custom-rtio --enable-libstdcxx-time=yes
Thread model: posix
gcc version 8.2.0 (crosstool-NG esp32-2019r1) 
COMPILER_PATH=/home/bas/.espressif/tools/xtensa-esp32-elf/esp32-2019r1-8.2.0/xtensa-esp32-elf/bin/../libexec/gcc/xtensa-esp32-elf/8.2.0/:/home/bas/.espressif/tools/xtensa-esp32-elf/esp32-2019r1-8.2.0/xtensa-esp32-elf/bin/../libexec/gcc/:/home/bas/.espressif/tools/xtensa-esp32-elf/esp32-2019r1-8.2.0/xtensa-esp32-elf/bin/../lib/gcc/xtensa-esp32-elf/8.2.0/../../../../xtensa-esp32-elf/bin/
LIBRARY_PATH=/home/bas/.espressif/tools/xtensa-esp32-elf/esp32-2019r1-8.2.0/xtensa-esp32-elf/bin/../lib/gcc/xtensa-esp32-elf/8.2.0/:/home/bas/.espressif/tools/xtensa-esp32-elf/esp32-2019r1-8.2.0/xtensa-esp32-elf/bin/../lib/gcc/:/home/bas/.espressif/tools/xtensa-esp32-elf/esp32-2019r1-8.2.0/xtensa-esp32-elf/bin/../lib/gcc/xtensa-esp32-elf/8.2.0/../../../../xtensa-esp32-elf/lib/
COLLECT_GCC_OPTIONS='-mlongcalls' '-Wno-frame-address' '-nostdlib' '-v' '-o' 'cmTC_f3f4d'
 /home/bas/.espressif/tools/xtensa-esp32-elf/esp32-2019r1-8.2.0/xtensa-esp32-elf/bin/../libexec/gcc/xtensa-esp32-elf/8.2.0/collect2 -plugin /home/bas/.espressif/tools/xtensa-esp32-elf/esp32-2019r1-8.2.0/xtensa-esp32-elf/bin/../libexec/gcc/xtensa-esp32-elf/8.2.0/liblto_plugin.so -plugin-opt=/home/bas/.espressif/tools/xtensa-esp32-elf/esp32-2019r1-8.2.0/xtensa-esp32-elf/bin/../libexec/gcc/xtensa-esp32-elf/8.2.0/lto-wrapper -plugin-opt=-fresolution=/tmp/cc8U4cIo.res -o cmTC_f3f4d -L/home/bas/.espressif/tools/xtensa-esp32-elf/esp32-2019r1-8.2.0/xtensa-esp32-elf/bin/../lib/gcc/xtensa-esp32-elf/8.2.0 -L/home/bas/.espressif/tools/xtensa-esp32-elf/esp32-2019r1-8.2.0/xtensa-esp32-elf/bin/../lib/gcc -L/home/bas/.espressif/tools/xtensa-esp32-elf/esp32-2019r1-8.2.0/xtensa-esp32-elf/bin/../lib/gcc/xtensa-esp32-elf/8.2.0/../../../../xtensa-esp32-elf/lib CMakeFiles/cmTC_f3f4d.dir/CMakeCCompilerABI.c.obj
/home/bas/.espressif/tools/xtensa-esp32-elf/esp32-2019r1-8.2.0/xtensa-esp32-elf/bin/../lib/gcc/xtensa-esp32-elf/8.2.0/../../../../xtensa-esp32-elf/bin/ld: warning: cannot find entry symbol _start; defaulting to 0000000000400054
COLLECT_GCC_OPTIONS='-mlongcalls' '-Wno-frame-address' '-nostdlib' '-v' '-o' 'cmTC_f3f4d'
make[1]: Leaving directory '/home/bas/project_eindwerk.ssh/eindwerk/build/CMakeFiles/CMakeTmp'


Parsed C implicit link information from above output:
  link line regex: [^( *|.*[/\])(xtensa-esp32-elf-ld|([^/\]+-)?ld|collect2)[^/\]*( |$)]
  ignore line: [Change Dir: /home/bas/project_eindwerk.ssh/eindwerk/build/CMakeFiles/CMakeTmp]
  ignore line: []
  ignore line: [Run Build Command:"/usr/bin/make" "cmTC_f3f4d/fast"]
  ignore line: [/usr/bin/make -f CMakeFiles/cmTC_f3f4d.dir/build.make CMakeFiles/cmTC_f3f4d.dir/build]
  ignore line: [make[1]: Entering directory '/home/bas/project_eindwerk.ssh/eindwerk/build/CMakeFiles/CMakeTmp']
  ignore line: [Building C object CMakeFiles/cmTC_f3f4d.dir/CMakeCCompilerABI.c.obj]
  ignore line: [/home/bas/.espressif/tools/xtensa-esp32-elf/esp32-2019r1-8.2.0/xtensa-esp32-elf/bin/xtensa-esp32-elf-gcc    -mlongcalls -Wno-frame-address    -o CMakeFiles/cmTC_f3f4d.dir/CMakeCCompilerABI.c.obj   -c /usr/share/cmake-3.7/Modules/CMakeCCompilerABI.c]
  ignore line: [Linking C executable cmTC_f3f4d]
  ignore line: [/usr/bin/cmake -E cmake_link_script CMakeFiles/cmTC_f3f4d.dir/link.txt --verbose=1]
  ignore line: [/home/bas/.espressif/tools/xtensa-esp32-elf/esp32-2019r1-8.2.0/xtensa-esp32-elf/bin/xtensa-esp32-elf-gcc  -mlongcalls -Wno-frame-address   -nostdlib -v CMakeFiles/cmTC_f3f4d.dir/CMakeCCompilerABI.c.obj  -o cmTC_f3f4d  ]
  ignore line: [Using built-in specs.]
  ignore line: [COLLECT_GCC=/home/bas/.espressif/tools/xtensa-esp32-elf/esp32-2019r1-8.2.0/xtensa-esp32-elf/bin/xtensa-esp32-elf-gcc]
  ignore line: [COLLECT_LTO_WRAPPER=/home/bas/.espressif/tools/xtensa-esp32-elf/esp32-2019r1-8.2.0/xtensa-esp32-elf/bin/../libexec/gcc/xtensa-esp32-elf/8.2.0/lto-wrapper]
  ignore line: [Target: xtensa-esp32-elf]
  ignore line: [Configured with: /builds/idf/crosstool-NG/.build/xtensa-esp32-elf/src/gcc/configure --build=x86_64-build_pc-linux-gnu --host=x86_64-build_pc-linux-gnu --target=xtensa-esp32-elf --prefix=/builds/idf/crosstool-NG/builds/xtensa-esp32-elf --with-local-prefix=/builds/idf/crosstool-NG/builds/xtensa-esp32-elf/xtensa-esp32-elf --with-headers=/builds/idf/crosstool-NG/builds/xtensa-esp32-elf/xtensa-esp32-elf/include --with-newlib --enable-threads=no --disable-shared --with-pkgversion='crosstool-NG esp32-2019r1' --disable-__cxa_atexit --enable-cxx-flags='-fno-rtti -ffunction-sections' --disable-libgomp --disable-libmudflap --disable-libmpx --disable-libssp --disable-libquadmath --disable-libquadmath-support --with-gmp=/builds/idf/crosstool-NG/.build/xtensa-esp32-elf/buildtools --with-mpfr=/builds/idf/crosstool-NG/.build/xtensa-esp32-elf/buildtools --with-mpc=/builds/idf/crosstool-NG/.build/xtensa-esp32-elf/buildtools --with-isl=/builds/idf/crosstool-NG/.build/xtensa-esp32-elf/buildtools --enable-lto --enable-target-optspace --without-long-double-128 --disable-nls --enable-multiarch --enable-languages=c,c++ --disable-libstdcxx-verbose --enable-threads=posix --enable-gcov-custom-rtio --enable-libstdcxx-time=yes]
  ignore line: [Thread model: posix]
  ignore line: [gcc version 8.2.0 (crosstool-NG esp32-2019r1) ]
  ignore line: [COMPILER_PATH=/home/bas/.espressif/tools/xtensa-esp32-elf/esp32-2019r1-8.2.0/xtensa-esp32-elf/bin/../libexec/gcc/xtensa-esp32-elf/8.2.0/:/home/bas/.espressif/tools/xtensa-esp32-elf/esp32-2019r1-8.2.0/xtensa-esp32-elf/bin/../libexec/gcc/:/home/bas/.espressif/tools/xtensa-esp32-elf/esp32-2019r1-8.2.0/xtensa-esp32-elf/bin/../lib/gcc/xtensa-esp32-elf/8.2.0/../../../../xtensa-esp32-elf/bin/]
  ignore line: [LIBRARY_PATH=/home/bas/.espressif/tools/xtensa-esp32-elf/esp32-2019r1-8.2.0/xtensa-esp32-elf/bin/../lib/gcc/xtensa-esp32-elf/8.2.0/:/home/bas/.espressif/tools/xtensa-esp32-elf/esp32-2019r1-8.2.0/xtensa-esp32-elf/bin/../lib/gcc/:/home/bas/.espressif/tools/xtensa-esp32-elf/esp32-2019r1-8.2.0/xtensa-esp32-elf/bin/../lib/gcc/xtensa-esp32-elf/8.2.0/../../../../xtensa-esp32-elf/lib/]
  ignore line: [COLLECT_GCC_OPTIONS='-mlongcalls' '-Wno-frame-address' '-nostdlib' '-v' '-o' 'cmTC_f3f4d']
  link line: [ /home/bas/.espressif/tools/xtensa-esp32-elf/esp32-2019r1-8.2.0/xtensa-esp32-elf/bin/../libexec/gcc/xtensa-esp32-elf/8.2.0/collect2 -plugin /home/bas/.espressif/tools/xtensa-esp32-elf/esp32-2019r1-8.2.0/xtensa-esp32-elf/bin/../libexec/gcc/xtensa-esp32-elf/8.2.0/liblto_plugin.so -plugin-opt=/home/bas/.espressif/tools/xtensa-esp32-elf/esp32-2019r1-8.2.0/xtensa-esp32-elf/bin/../libexec/gcc/xtensa-esp32-elf/8.2.0/lto-wrapper -plugin-opt=-fresolution=/tmp/cc8U4cIo.res -o cmTC_f3f4d -L/home/bas/.espressif/tools/xtensa-esp32-elf/esp32-2019r1-8.2.0/xtensa-esp32-elf/bin/../lib/gcc/xtensa-esp32-elf/8.2.0 -L/home/bas/.espressif/tools/xtensa-esp32-elf/esp32-2019r1-8.2.0/xtensa-esp32-elf/bin/../lib/gcc -L/home/bas/.espressif/tools/xtensa-esp32-elf/esp32-2019r1-8.2.0/xtensa-esp32-elf/bin/../lib/gcc/xtensa-esp32-elf/8.2.0/../../../../xtensa-esp32-elf/lib CMakeFiles/cmTC_f3f4d.dir/CMakeCCompilerABI.c.obj]
    arg [/home/bas/.espressif/tools/xtensa-esp32-elf/esp32-2019r1-8.2.0/xtensa-esp32-elf/bin/../libexec/gcc/xtensa-esp32-elf/8.2.0/collect2] ==> ignore
    arg [-plugin] ==> ignore
    arg [/home/bas/.espressif/tools/xtensa-esp32-elf/esp32-2019r1-8.2.0/xtensa-esp32-elf/bin/../libexec/gcc/xtensa-esp32-elf/8.2.0/liblto_plugin.so] ==> ignore
    arg [-plugin-opt=/home/bas/.espressif/tools/xtensa-esp32-elf/esp32-2019r1-8.2.0/xtensa-esp32-elf/bin/../libexec/gcc/xtensa-esp32-elf/8.2.0/lto-wrapper] ==> ignore
    arg [-plugin-opt=-fresolution=/tmp/cc8U4cIo.res] ==> ignore
    arg [-o] ==> ignore
    arg [cmTC_f3f4d] ==> ignore
    arg [-L/home/bas/.espressif/tools/xtensa-esp32-elf/esp32-2019r1-8.2.0/xtensa-esp32-elf/bin/../lib/gcc/xtensa-esp32-elf/8.2.0] ==> dir [/home/bas/.espressif/tools/xtensa-esp32-elf/esp32-2019r1-8.2.0/xtensa-esp32-elf/bin/../lib/gcc/xtensa-esp32-elf/8.2.0]
    arg [-L/home/bas/.espressif/tools/xtensa-esp32-elf/esp32-2019r1-8.2.0/xtensa-esp32-elf/bin/../lib/gcc] ==> dir [/home/bas/.espressif/tools/xtensa-esp32-elf/esp32-2019r1-8.2.0/xtensa-esp32-elf/bin/../lib/gcc]
    arg [-L/home/bas/.espressif/tools/xtensa-esp32-elf/esp32-2019r1-8.2.0/xtensa-esp32-elf/bin/../lib/gcc/xtensa-esp32-elf/8.2.0/../../../../xtensa-esp32-elf/lib] ==> dir [/home/bas/.espressif/tools/xtensa-esp32-elf/esp32-2019r1-8.2.0/xtensa-esp32-elf/bin/../lib/gcc/xtensa-esp32-elf/8.2.0/../../../../xtensa-esp32-elf/lib]
    arg [CMakeFiles/cmTC_f3f4d.dir/CMakeCCompilerABI.c.obj] ==> ignore
  collapse library dir [/home/bas/.espressif/tools/xtensa-esp32-elf/esp32-2019r1-8.2.0/xtensa-esp32-elf/bin/../lib/gcc/xtensa-esp32-elf/8.2.0] ==> [/home/bas/.espressif/tools/xtensa-esp32-elf/esp32-2019r1-8.2.0/xtensa-esp32-elf/lib/gcc/xtensa-esp32-elf/8.2.0]
  collapse library dir [/home/bas/.espressif/tools/xtensa-esp32-elf/esp32-2019r1-8.2.0/xtensa-esp32-elf/bin/../lib/gcc] ==> [/home/bas/.espressif/tools/xtensa-esp32-elf/esp32-2019r1-8.2.0/xtensa-esp32-elf/lib/gcc]
  collapse library dir [/home/bas/.espressif/tools/xtensa-esp32-elf/esp32-2019r1-8.2.0/xtensa-esp32-elf/bin/../lib/gcc/xtensa-esp32-elf/8.2.0/../../../../xtensa-esp32-elf/lib] ==> [/home/bas/.espressif/tools/xtensa-esp32-elf/esp32-2019r1-8.2.0/xtensa-esp32-elf/xtensa-esp32-elf/lib]
  implicit libs: []
  implicit dirs: [/home/bas/.espressif/tools/xtensa-esp32-elf/esp32-2019r1-8.2.0/xtensa-esp32-elf/lib/gcc/xtensa-esp32-elf/8.2.0;/home/bas/.espressif/tools/xtensa-esp32-elf/esp32-2019r1-8.2.0/xtensa-esp32-elf/lib/gcc;/home/bas/.espressif/tools/xtensa-esp32-elf/esp32-2019r1-8.2.0/xtensa-esp32-elf/xtensa-esp32-elf/lib]
  implicit fwks: []




Detecting C [-std=c11] compiler features compiled with the following output:
Change Dir: /home/bas/project_eindwerk.ssh/eindwerk/build/CMakeFiles/CMakeTmp

Run Build Command:"/usr/bin/make" "cmTC_c7f1b/fast"
/usr/bin/make -f CMakeFiles/cmTC_c7f1b.dir/build.make CMakeFiles/cmTC_c7f1b.dir/build
make[1]: Entering directory '/home/bas/project_eindwerk.ssh/eindwerk/build/CMakeFiles/CMakeTmp'
Building C object CMakeFiles/cmTC_c7f1b.dir/feature_tests.c.obj
/home/bas/.espressif/tools/xtensa-esp32-elf/esp32-2019r1-8.2.0/xtensa-esp32-elf/bin/xtensa-esp32-elf-gcc    -mlongcalls -Wno-frame-address    -std=c11 -o CMakeFiles/cmTC_c7f1b.dir/feature_tests.c.obj   -c /home/bas/project_eindwerk.ssh/eindwerk/build/CMakeFiles/feature_tests.c
Linking C executable cmTC_c7f1b
/usr/bin/cmake -E cmake_link_script CMakeFiles/cmTC_c7f1b.dir/link.txt --verbose=1
/home/bas/.espressif/tools/xtensa-esp32-elf/esp32-2019r1-8.2.0/xtensa-esp32-elf/bin/xtensa-esp32-elf-gcc  -mlongcalls -Wno-frame-address   -nostdlib  CMakeFiles/cmTC_c7f1b.dir/feature_tests.c.obj  -o cmTC_c7f1b 
/home/bas/.espressif/tools/xtensa-esp32-elf/esp32-2019r1-8.2.0/xtensa-esp32-elf/bin/../lib/gcc/xtensa-esp32-elf/8.2.0/../../../../xtensa-esp32-elf/bin/ld: warning: cannot find entry symbol _start; defaulting to 0000000000400054
make[1]: Leaving directory '/home/bas/project_eindwerk.ssh/eindwerk/build/CMakeFiles/CMakeTmp'


    Feature record: C_FEATURE:1c_function_prototypes
    Feature record: C_FEATURE:1c_restrict
    Feature record: C_FEATURE:1c_static_assert
    Feature record: C_FEATURE:1c_variadic_macros


Detecting C [-std=c99] compiler features compiled with the following output:
Change Dir: /home/bas/project_eindwerk.ssh/eindwerk/build/CMakeFiles/CMakeTmp

Run Build Command:"/usr/bin/make" "cmTC_12476/fast"
/usr/bin/make -f CMakeFiles/cmTC_12476.dir/build.make CMakeFiles/cmTC_12476.dir/build
make[1]: Entering directory '/home/bas/project_eindwerk.ssh/eindwerk/build/CMakeFiles/CMakeTmp'
Building C object CMakeFiles/cmTC_12476.dir/feature_tests.c.obj
/home/bas/.espressif/tools/xtensa-esp32-elf/esp32-2019r1-8.2.0/xtensa-esp32-elf/bin/xtensa-esp32-elf-gcc    -mlongcalls -Wno-frame-address    -std=c99 -o CMakeFiles/cmTC_12476.dir/feature_tests.c.obj   -c /home/bas/project_eindwerk.ssh/eindwerk/build/CMakeFiles/feature_tests.c
Linking C executable cmTC_12476
/usr/bin/cmake -E cmake_link_script CMakeFiles/cmTC_12476.dir/link.txt --verbose=1
/home/bas/.espressif/tools/xtensa-esp32-elf/esp32-2019r1-8.2.0/xtensa-esp32-elf/bin/xtensa-esp32-elf-gcc  -mlongcalls -Wno-frame-address   -nostdlib  CMakeFiles/cmTC_12476.dir/feature_tests.c.obj  -o cmTC_12476 
/home/bas/.espressif/tools/xtensa-esp32-elf/esp32-2019r1-8.2.0/xtensa-esp32-elf/bin/../lib/gcc/xtensa-esp32-elf/8.2.0/../../../../xtensa-esp32-elf/bin/ld: warning: cannot find entry symbol _start; defaulting to 0000000000400054
make[1]: Leaving directory '/home/bas/project_eindwerk.ssh/eindwerk/build/CMakeFiles/CMakeTmp'


    Feature record: C_FEATURE:1c_function_prototypes
    Feature record: C_FEATURE:1c_restrict
    Feature record: C_FEATURE:0c_static_assert
    Feature record: C_FEATURE:1c_variadic_macros


Detecting C [-std=c90] compiler features compiled with the following output:
Change Dir: /home/bas/project_eindwerk.ssh/eindwerk/build/CMakeFiles/CMakeTmp

Run Build Command:"/usr/bin/make" "cmTC_a3131/fast"
/usr/bin/make -f CMakeFiles/cmTC_a3131.dir/build.make CMakeFiles/cmTC_a3131.dir/build
make[1]: Entering directory '/home/bas/project_eindwerk.ssh/eindwerk/build/CMakeFiles/CMakeTmp'
Building C object CMakeFiles/cmTC_a3131.dir/feature_tests.c.obj
/home/bas/.espressif/tools/xtensa-esp32-elf/esp32-2019r1-8.2.0/xtensa-esp32-elf/bin/xtensa-esp32-elf-gcc    -mlongcalls -Wno-frame-address    -std=c90 -o CMakeFiles/cmTC_a3131.dir/feature_tests.c.obj   -c /home/bas/project_eindwerk.ssh/eindwerk/build/CMakeFiles/feature_tests.c
Linking C executable cmTC_a3131
/usr/bin/cmake -E cmake_link_script CMakeFiles/cmTC_a3131.dir/link.txt --verbose=1
/home/bas/.espressif/tools/xtensa-esp32-elf/esp32-2019r1-8.2.0/xtensa-esp32-elf/bin/xtensa-esp32-elf-gcc  -mlongcalls -Wno-frame-address   -nostdlib  CMakeFiles/cmTC_a3131.dir/feature_tests.c.obj  -o cmTC_a3131 
/home/bas/.espressif/tools/xtensa-esp32-elf/esp32-2019r1-8.2.0/xtensa-esp32-elf/bin/../lib/gcc/xtensa-esp32-elf/8.2.0/../../../../xtensa-esp32-elf/bin/ld: warning: cannot find entry symbol _start; defaulting to 0000000000400054
make[1]: Leaving directory '/home/bas/project_eindwerk.ssh/eindwerk/build/CMakeFiles/CMakeTmp'


    Feature record: C_FEATURE:1c_function_prototypes
    Feature record: C_FEATURE:0c_restrict
    Feature record: C_FEATURE:0c_static_assert
    Feature record: C_FEATURE:0c_variadic_macros
Determining if the CXX compiler works passed with the following output:
Change Dir: /home/bas/project_eindwerk.ssh/eindwerk/build/CMakeFiles/CMakeTmp

Run Build Command:"/usr/bin/make" "cmTC_c4ebe/fast"
/usr/bin/make -f CMakeFiles/cmTC_c4ebe.dir/build.make CMakeFiles/cmTC_c4ebe.dir/build
make[1]: Entering directory '/home/bas/project_eindwerk.ssh/eindwerk/build/CMakeFiles/CMakeTmp'
Building CXX object CMakeFiles/cmTC_c4ebe.dir/testCXXCompiler.cxx.obj
/home/bas/.espressif/tools/xtensa-esp32-elf/esp32-2019r1-8.2.0/xtensa-esp32-elf/bin/xtensa-esp32-elf-g++     -mlongcalls -Wno-frame-address    -o CMakeFiles/cmTC_c4ebe.dir/testCXXCompiler.cxx.obj -c /home/bas/project_eindwerk.ssh/eindwerk/build/CMakeFiles/CMakeTmp/testCXXCompiler.cxx
Linking CXX executable cmTC_c4ebe
/usr/bin/cmake -E cmake_link_script CMakeFiles/cmTC_c4ebe.dir/link.txt --verbose=1
/home/bas/.espressif/tools/xtensa-esp32-elf/esp32-2019r1-8.2.0/xtensa-esp32-elf/bin/xtensa-esp32-elf-g++   -mlongcalls -Wno-frame-address   -nostdlib  CMakeFiles/cmTC_c4ebe.dir/testCXXCompiler.cxx.obj  -o cmTC_c4ebe 
/home/bas/.espressif/tools/xtensa-esp32-elf/esp32-2019r1-8.2.0/xtensa-esp32-elf/bin/../lib/gcc/xtensa-esp32-elf/8.2.0/../../../../xtensa-esp32-elf/bin/ld: warning: cannot find entry symbol _start; defaulting to 0000000000400054
make[1]: Leaving directory '/home/bas/project_eindwerk.ssh/eindwerk/build/CMakeFiles/CMakeTmp'


Detecting CXX compiler ABI info compiled with the following output:
Change Dir: /home/bas/project_eindwerk.ssh/eindwerk/build/CMakeFiles/CMakeTmp

Run Build Command:"/usr/bin/make" "cmTC_81992/fast"
/usr/bin/make -f CMakeFiles/cmTC_81992.dir/build.make CMakeFiles/cmTC_81992.dir/build
make[1]: Entering directory '/home/bas/project_eindwerk.ssh/eindwerk/build/CMakeFiles/CMakeTmp'
Building CXX object CMakeFiles/cmTC_81992.dir/CMakeCXXCompilerABI.cpp.obj
/home/bas/.espressif/tools/xtensa-esp32-elf/esp32-2019r1-8.2.0/xtensa-esp32-elf/bin/xtensa-esp32-elf-g++     -mlongcalls -Wno-frame-address    -o CMakeFiles/cmTC_81992.dir/CMakeCXXCompilerABI.cpp.obj -c /usr/share/cmake-3.7/Modules/CMakeCXXCompilerABI.cpp
Linking CXX executable cmTC_81992
/usr/bin/cmake -E cmake_link_script CMakeFiles/cmTC_81992.dir/link.txt --verbose=1
/home/bas/.espressif/tools/xtensa-esp32-elf/esp32-2019r1-8.2.0/xtensa-esp32-elf/bin/xtensa-esp32-elf-g++   -mlongcalls -Wno-frame-address   -nostdlib -v CMakeFiles/cmTC_81992.dir/CMakeCXXCompilerABI.cpp.obj  -o cmTC_81992  
Using built-in specs.
COLLECT_GCC=/home/bas/.espressif/tools/xtensa-esp32-elf/esp32-2019r1-8.2.0/xtensa-esp32-elf/bin/xtensa-esp32-elf-g++
COLLECT_LTO_WRAPPER=/home/bas/.espressif/tools/xtensa-esp32-elf/esp32-2019r1-8.2.0/xtensa-esp32-elf/bin/../libexec/gcc/xtensa-esp32-elf/8.2.0/lto-wrapper
Target: xtensa-esp32-elf
Configured with: /builds/idf/crosstool-NG/.build/xtensa-esp32-elf/src/gcc/configure --build=x86_64-build_pc-linux-gnu --host=x86_64-build_pc-linux-gnu --target=xtensa-esp32-elf --prefix=/builds/idf/crosstool-NG/builds/xtensa-esp32-elf --with-local-prefix=/builds/idf/crosstool-NG/builds/xtensa-esp32-elf/xtensa-esp32-elf --with-headers=/builds/idf/crosstool-NG/builds/xtensa-esp32-elf/xtensa-esp32-elf/include --with-newlib --enable-threads=no --disable-shared --with-pkgversion='crosstool-NG esp32-2019r1' --disable-__cxa_atexit --enable-cxx-flags='-fno-rtti -ffunction-sections' --disable-libgomp --disable-libmudflap --disable-libmpx --disable-libssp --disable-libquadmath --disable-libquadmath-support --with-gmp=/builds/idf/crosstool-NG/.build/xtensa-esp32-elf/buildtools --with-mpfr=/builds/idf/crosstool-NG/.build/xtensa-esp32-elf/buildtools --with-mpc=/builds/idf/crosstool-NG/.build/xtensa-esp32-elf/buildtools --with-isl=/builds/idf/crosstool-NG/.build/xtensa-esp32-elf/buildtools --enable-lto --enable-target-optspace --without-long-double-128 --disable-nls --enable-multiarch --enable-languages=c,c++ --disable-libstdcxx-verbose --enable-threads=posix --enable-gcov-custom-rtio --enable-libstdcxx-time=yes
Thread model: posix
gcc version 8.2.0 (crosstool-NG esp32-2019r1) 
COMPILER_PATH=/home/bas/.espressif/tools/xtensa-esp32-elf/esp32-2019r1-8.2.0/xtensa-esp32-elf/bin/../libexec/gcc/xtensa-esp32-elf/8.2.0/:/home/bas/.espressif/tools/xtensa-esp32-elf/esp32-2019r1-8.2.0/xtensa-esp32-elf/bin/../libexec/gcc/:/home/bas/.espressif/tools/xtensa-esp32-elf/esp32-2019r1-8.2.0/xtensa-esp32-elf/bin/../lib/gcc/xtensa-esp32-elf/8.2.0/../../../../xtensa-esp32-elf/bin/
LIBRARY_PATH=/home/bas/.espressif/tools/xtensa-esp32-elf/esp32-2019r1-8.2.0/xtensa-esp32-elf/bin/../lib/gcc/xtensa-esp32-elf/8.2.0/:/home/bas/.espressif/tools/xtensa-esp32-elf/esp32-2019r1-8.2.0/xtensa-esp32-elf/bin/../lib/gcc/:/home/bas/.espressif/tools/xtensa-esp32-elf/esp32-2019r1-8.2.0/xtensa-esp32-elf/bin/../lib/gcc/xtensa-esp32-elf/8.2.0/../../../../xtensa-esp32-elf/lib/
COLLECT_GCC_OPTIONS='-mlongcalls' '-Wno-frame-address' '-nostdlib' '-v' '-o' 'cmTC_81992'
 /home/bas/.espressif/tools/xtensa-esp32-elf/esp32-2019r1-8.2.0/xtensa-esp32-elf/bin/../libexec/gcc/xtensa-esp32-elf/8.2.0/collect2 -plugin /home/bas/.espressif/tools/xtensa-esp32-elf/esp32-2019r1-8.2.0/xtensa-esp32-elf/bin/../libexec/gcc/xtensa-esp32-elf/8.2.0/liblto_plugin.so -plugin-opt=/home/bas/.espressif/tools/xtensa-esp32-elf/esp32-2019r1-8.2.0/xtensa-esp32-elf/bin/../libexec/gcc/xtensa-esp32-elf/8.2.0/lto-wrapper -plugin-opt=-fresolution=/tmp/ccLG5ma9.res -o cmTC_81992 -L/home/bas/.espressif/tools/xtensa-esp32-elf/esp32-2019r1-8.2.0/xtensa-esp32-elf/bin/../lib/gcc/xtensa-esp32-elf/8.2.0 -L/home/bas/.espressif/tools/xtensa-esp32-elf/esp32-2019r1-8.2.0/xtensa-esp32-elf/bin/../lib/gcc -L/home/bas/.espressif/tools/xtensa-esp32-elf/esp32-2019r1-8.2.0/xtensa-esp32-elf/bin/../lib/gcc/xtensa-esp32-elf/8.2.0/../../../../xtensa-esp32-elf/lib CMakeFiles/cmTC_81992.dir/CMakeCXXCompilerABI.cpp.obj
/home/bas/.espressif/tools/xtensa-esp32-elf/esp32-2019r1-8.2.0/xtensa-esp32-elf/bin/../lib/gcc/xtensa-esp32-elf/8.2.0/../../../../xtensa-esp32-elf/bin/ld: warning: cannot find entry symbol _start; defaulting to 0000000000400054
COLLECT_GCC_OPTIONS='-mlongcalls' '-Wno-frame-address' '-nostdlib' '-v' '-o' 'cmTC_81992'
make[1]: Leaving directory '/home/bas/project_eindwerk.ssh/eindwerk/build/CMakeFiles/CMakeTmp'


Parsed CXX implicit link information from above output:
  link line regex: [^( *|.*[/\])(xtensa-esp32-elf-ld|([^/\]+-)?ld|collect2)[^/\]*( |$)]
  ignore line: [Change Dir: /home/bas/project_eindwerk.ssh/eindwerk/build/CMakeFiles/CMakeTmp]
  ignore line: []
  ignore line: [Run Build Command:"/usr/bin/make" "cmTC_81992/fast"]
  ignore line: [/usr/bin/make -f CMakeFiles/cmTC_81992.dir/build.make CMakeFiles/cmTC_81992.dir/build]
  ignore line: [make[1]: Entering directory '/home/bas/project_eindwerk.ssh/eindwerk/build/CMakeFiles/CMakeTmp']
  ignore line: [Building CXX object CMakeFiles/cmTC_81992.dir/CMakeCXXCompilerABI.cpp.obj]
  ignore line: [/home/bas/.espressif/tools/xtensa-esp32-elf/esp32-2019r1-8.2.0/xtensa-esp32-elf/bin/xtensa-esp32-elf-g++     -mlongcalls -Wno-frame-address    -o CMakeFiles/cmTC_81992.dir/CMakeCXXCompilerABI.cpp.obj -c /usr/share/cmake-3.7/Modules/CMakeCXXCompilerABI.cpp]
  ignore line: [Linking CXX executable cmTC_81992]
  ignore line: [/usr/bin/cmake -E cmake_link_script CMakeFiles/cmTC_81992.dir/link.txt --verbose=1]
  ignore line: [/home/bas/.espressif/tools/xtensa-esp32-elf/esp32-2019r1-8.2.0/xtensa-esp32-elf/bin/xtensa-esp32-elf-g++   -mlongcalls -Wno-frame-address   -nostdlib -v CMakeFiles/cmTC_81992.dir/CMakeCXXCompilerABI.cpp.obj  -o cmTC_81992  ]
  ignore line: [Using built-in specs.]
  ignore line: [COLLECT_GCC=/home/bas/.espressif/tools/xtensa-esp32-elf/esp32-2019r1-8.2.0/xtensa-esp32-elf/bin/xtensa-esp32-elf-g++]
  ignore line: [COLLECT_LTO_WRAPPER=/home/bas/.espressif/tools/xtensa-esp32-elf/esp32-2019r1-8.2.0/xtensa-esp32-elf/bin/../libexec/gcc/xtensa-esp32-elf/8.2.0/lto-wrapper]
  ignore line: [Target: xtensa-esp32-elf]
  ignore line: [Configured with: /builds/idf/crosstool-NG/.build/xtensa-esp32-elf/src/gcc/configure --build=x86_64-build_pc-linux-gnu --host=x86_64-build_pc-linux-gnu --target=xtensa-esp32-elf --prefix=/builds/idf/crosstool-NG/builds/xtensa-esp32-elf --with-local-prefix=/builds/idf/crosstool-NG/builds/xtensa-esp32-elf/xtensa-esp32-elf --with-headers=/builds/idf/crosstool-NG/builds/xtensa-esp32-elf/xtensa-esp32-elf/include --with-newlib --enable-threads=no --disable-shared --with-pkgversion='crosstool-NG esp32-2019r1' --disable-__cxa_atexit --enable-cxx-flags='-fno-rtti -ffunction-sections' --disable-libgomp --disable-libmudflap --disable-libmpx --disable-libssp --disable-libquadmath --disable-libquadmath-support --with-gmp=/builds/idf/crosstool-NG/.build/xtensa-esp32-elf/buildtools --with-mpfr=/builds/idf/crosstool-NG/.build/xtensa-esp32-elf/buildtools --with-mpc=/builds/idf/crosstool-NG/.build/xtensa-esp32-elf/buildtools --with-isl=/builds/idf/crosstool-NG/.build/xtensa-esp32-elf/buildtools --enable-lto --enable-target-optspace --without-long-double-128 --disable-nls --enable-multiarch --enable-languages=c,c++ --disable-libstdcxx-verbose --enable-threads=posix --enable-gcov-custom-rtio --enable-libstdcxx-time=yes]
  ignore line: [Thread model: posix]
  ignore line: [gcc version 8.2.0 (crosstool-NG esp32-2019r1) ]
  ignore line: [COMPILER_PATH=/home/bas/.espressif/tools/xtensa-esp32-elf/esp32-2019r1-8.2.0/xtensa-esp32-elf/bin/../libexec/gcc/xtensa-esp32-elf/8.2.0/:/home/bas/.espressif/tools/xtensa-esp32-elf/esp32-2019r1-8.2.0/xtensa-esp32-elf/bin/../libexec/gcc/:/home/bas/.espressif/tools/xtensa-esp32-elf/esp32-2019r1-8.2.0/xtensa-esp32-elf/bin/../lib/gcc/xtensa-esp32-elf/8.2.0/../../../../xtensa-esp32-elf/bin/]
  ignore line: [LIBRARY_PATH=/home/bas/.espressif/tools/xtensa-esp32-elf/esp32-2019r1-8.2.0/xtensa-esp32-elf/bin/../lib/gcc/xtensa-esp32-elf/8.2.0/:/home/bas/.espressif/tools/xtensa-esp32-elf/esp32-2019r1-8.2.0/xtensa-esp32-elf/bin/../lib/gcc/:/home/bas/.espressif/tools/xtensa-esp32-elf/esp32-2019r1-8.2.0/xtensa-esp32-elf/bin/../lib/gcc/xtensa-esp32-elf/8.2.0/../../../../xtensa-esp32-elf/lib/]
  ignore line: [COLLECT_GCC_OPTIONS='-mlongcalls' '-Wno-frame-address' '-nostdlib' '-v' '-o' 'cmTC_81992']
  link line: [ /home/bas/.espressif/tools/xtensa-esp32-elf/esp32-2019r1-8.2.0/xtensa-esp32-elf/bin/../libexec/gcc/xtensa-esp32-elf/8.2.0/collect2 -plugin /home/bas/.espressif/tools/xtensa-esp32-elf/esp32-2019r1-8.2.0/xtensa-esp32-elf/bin/../libexec/gcc/xtensa-esp32-elf/8.2.0/liblto_plugin.so -plugin-opt=/home/bas/.espressif/tools/xtensa-esp32-elf/esp32-2019r1-8.2.0/xtensa-esp32-elf/bin/../libexec/gcc/xtensa-esp32-elf/8.2.0/lto-wrapper -plugin-opt=-fresolution=/tmp/ccLG5ma9.res -o cmTC_81992 -L/home/bas/.espressif/tools/xtensa-esp32-elf/esp32-2019r1-8.2.0/xtensa-esp32-elf/bin/../lib/gcc/xtensa-esp32-elf/8.2.0 -L/home/bas/.espressif/tools/xtensa-esp32-elf/esp32-2019r1-8.2.0/xtensa-esp32-elf/bin/../lib/gcc -L/home/bas/.espressif/tools/xtensa-esp32-elf/esp32-2019r1-8.2.0/xtensa-esp32-elf/bin/../lib/gcc/xtensa-esp32-elf/8.2.0/../../../../xtensa-esp32-elf/lib CMakeFiles/cmTC_81992.dir/CMakeCXXCompilerABI.cpp.obj]
    arg [/home/bas/.espressif/tools/xtensa-esp32-elf/esp32-2019r1-8.2.0/xtensa-esp32-elf/bin/../libexec/gcc/xtensa-esp32-elf/8.2.0/collect2] ==> ignore
    arg [-plugin] ==> ignore
    arg [/home/bas/.espressif/tools/xtensa-esp32-elf/esp32-2019r1-8.2.0/xtensa-esp32-elf/bin/../libexec/gcc/xtensa-esp32-elf/8.2.0/liblto_plugin.so] ==> ignore
    arg [-plugin-opt=/home/bas/.espressif/tools/xtensa-esp32-elf/esp32-2019r1-8.2.0/xtensa-esp32-elf/bin/../libexec/gcc/xtensa-esp32-elf/8.2.0/lto-wrapper] ==> ignore
    arg [-plugin-opt=-fresolution=/tmp/ccLG5ma9.res] ==> ignore
    arg [-o] ==> ignore
    arg [cmTC_81992] ==> ignore
    arg [-L/home/bas/.espressif/tools/xtensa-esp32-elf/esp32-2019r1-8.2.0/xtensa-esp32-elf/bin/../lib/gcc/xtensa-esp32-elf/8.2.0] ==> dir [/home/bas/.espressif/tools/xtensa-esp32-elf/esp32-2019r1-8.2.0/xtensa-esp32-elf/bin/../lib/gcc/xtensa-esp32-elf/8.2.0]
    arg [-L/home/bas/.espressif/tools/xtensa-esp32-elf/esp32-2019r1-8.2.0/xtensa-esp32-elf/bin/../lib/gcc] ==> dir [/home/bas/.espressif/tools/xtensa-esp32-elf/esp32-2019r1-8.2.0/xtensa-esp32-elf/bin/../lib/gcc]
    arg [-L/home/bas/.espressif/tools/xtensa-esp32-elf/esp32-2019r1-8.2.0/xtensa-esp32-elf/bin/../lib/gcc/xtensa-esp32-elf/8.2.0/../../../../xtensa-esp32-elf/lib] ==> dir [/home/bas/.espressif/tools/xtensa-esp32-elf/esp32-2019r1-8.2.0/xtensa-esp32-elf/bin/../lib/gcc/xtensa-esp32-elf/8.2.0/../../../../xtensa-esp32-elf/lib]
    arg [CMakeFiles/cmTC_81992.dir/CMakeCXXCompilerABI.cpp.obj] ==> ignore
  collapse library dir [/home/bas/.espressif/tools/xtensa-esp32-elf/esp32-2019r1-8.2.0/xtensa-esp32-elf/bin/../lib/gcc/xtensa-esp32-elf/8.2.0] ==> [/home/bas/.espressif/tools/xtensa-esp32-elf/esp32-2019r1-8.2.0/xtensa-esp32-elf/lib/gcc/xtensa-esp32-elf/8.2.0]
  collapse library dir [/home/bas/.espressif/tools/xtensa-esp32-elf/esp32-2019r1-8.2.0/xtensa-esp32-elf/bin/../lib/gcc] ==> [/home/bas/.espressif/tools/xtensa-esp32-elf/esp32-2019r1-8.2.0/xtensa-esp32-elf/lib/gcc]
  collapse library dir [/home/bas/.espressif/tools/xtensa-esp32-elf/esp32-2019r1-8.2.0/xtensa-esp32-elf/bin/../lib/gcc/xtensa-esp32-elf/8.2.0/../../../../xtensa-esp32-elf/lib] ==> [/home/bas/.espressif/tools/xtensa-esp32-elf/esp32-2019r1-8.2.0/xtensa-esp32-elf/xtensa-esp32-elf/lib]
  implicit libs: []
  implicit dirs: [/home/bas/.espressif/tools/xtensa-esp32-elf/esp32-2019r1-8.2.0/xtensa-esp32-elf/lib/gcc/xtensa-esp32-elf/8.2.0;/home/bas/.espressif/tools/xtensa-esp32-elf/esp32-2019r1-8.2.0/xtensa-esp32-elf/lib/gcc;/home/bas/.espressif/tools/xtensa-esp32-elf/esp32-2019r1-8.2.0/xtensa-esp32-elf/xtensa-esp32-elf/lib]
  implicit fwks: []




Detecting CXX [-std=c++14] compiler features compiled with the following output:
Change Dir: /home/bas/project_eindwerk.ssh/eindwerk/build/CMakeFiles/CMakeTmp

Run Build Command:"/usr/bin/make" "cmTC_11499/fast"
/usr/bin/make -f CMakeFiles/cmTC_11499.dir/build.make CMakeFiles/cmTC_11499.dir/build
make[1]: Entering directory '/home/bas/project_eindwerk.ssh/eindwerk/build/CMakeFiles/CMakeTmp'
Building CXX object CMakeFiles/cmTC_11499.dir/feature_tests.cxx.obj
/home/bas/.espressif/tools/xtensa-esp32-elf/esp32-2019r1-8.2.0/xtensa-esp32-elf/bin/xtensa-esp32-elf-g++     -mlongcalls -Wno-frame-address    -std=c++14 -o CMakeFiles/cmTC_11499.dir/feature_tests.cxx.obj -c /home/bas/project_eindwerk.ssh/eindwerk/build/CMakeFiles/feature_tests.cxx
Linking CXX executable cmTC_11499
/usr/bin/cmake -E cmake_link_script CMakeFiles/cmTC_11499.dir/link.txt --verbose=1
/home/bas/.espressif/tools/xtensa-esp32-elf/esp32-2019r1-8.2.0/xtensa-esp32-elf/bin/xtensa-esp32-elf-g++   -mlongcalls -Wno-frame-address   -nostdlib  CMakeFiles/cmTC_11499.dir/feature_tests.cxx.obj  -o cmTC_11499 
/home/bas/.espressif/tools/xtensa-esp32-elf/esp32-2019r1-8.2.0/xtensa-esp32-elf/bin/../lib/gcc/xtensa-esp32-elf/8.2.0/../../../../xtensa-esp32-elf/bin/ld: warning: cannot find entry symbol _start; defaulting to 0000000000400054
make[1]: Leaving directory '/home/bas/project_eindwerk.ssh/eindwerk/build/CMakeFiles/CMakeTmp'


    Feature record: CXX_FEATURE:1cxx_aggregate_default_initializers
    Feature record: CXX_FEATURE:1cxx_alias_templates
    Feature record: CXX_FEATURE:1cxx_alignas
    Feature record: CXX_FEATURE:1cxx_alignof
    Feature record: CXX_FEATURE:1cxx_attributes
    Feature record: CXX_FEATURE:1cxx_attribute_deprecated
    Feature record: CXX_FEATURE:1cxx_auto_type
    Feature record: CXX_FEATURE:1cxx_binary_literals
    Feature record: CXX_FEATURE:1cxx_constexpr
    Feature record: CXX_FEATURE:1cxx_contextual_conversions
    Feature record: CXX_FEATURE:1cxx_decltype
    Feature record: CXX_FEATURE:1cxx_decltype_auto
    Feature record: CXX_FEATURE:1cxx_decltype_incomplete_return_types
    Feature record: CXX_FEATURE:1cxx_default_function_template_args
    Feature record: CXX_FEATURE:1cxx_defaulted_functions
    Feature record: CXX_FEATURE:1cxx_defaulted_move_initializers
    Feature record: CXX_FEATURE:1cxx_delegating_constructors
    Feature record: CXX_FEATURE:1cxx_deleted_functions
    Feature record: CXX_FEATURE:1cxx_digit_separators
    Feature record: CXX_FEATURE:1cxx_enum_forward_declarations
    Feature record: CXX_FEATURE:1cxx_explicit_conversions
    Feature record: CXX_FEATURE:1cxx_extended_friend_declarations
    Feature record: CXX_FEATURE:1cxx_extern_templates
    Feature record: CXX_FEATURE:1cxx_final
    Feature record: CXX_FEATURE:1cxx_func_identifier
    Feature record: CXX_FEATURE:1cxx_generalized_initializers
    Feature record: CXX_FEATURE:1cxx_generic_lambdas
    Feature record: CXX_FEATURE:1cxx_inheriting_constructors
    Feature record: CXX_FEATURE:1cxx_inline_namespaces
    Feature record: CXX_FEATURE:1cxx_lambdas
    Feature record: CXX_FEATURE:1cxx_lambda_init_captures
    Feature record: CXX_FEATURE:1cxx_local_type_template_args
    Feature record: CXX_FEATURE:1cxx_long_long_type
    Feature record: CXX_FEATURE:1cxx_noexcept
    Feature record: CXX_FEATURE:1cxx_nonstatic_member_init
    Feature record: CXX_FEATURE:1cxx_nullptr
    Feature record: CXX_FEATURE:1cxx_override
    Feature record: CXX_FEATURE:1cxx_range_for
    Feature record: CXX_FEATURE:1cxx_raw_string_literals
    Feature record: CXX_FEATURE:1cxx_reference_qualified_functions
    Feature record: CXX_FEATURE:1cxx_relaxed_constexpr
    Feature record: CXX_FEATURE:1cxx_return_type_deduction
    Feature record: CXX_FEATURE:1cxx_right_angle_brackets
    Feature record: CXX_FEATURE:1cxx_rvalue_references
    Feature record: CXX_FEATURE:1cxx_sizeof_member
    Feature record: CXX_FEATURE:1cxx_static_assert
    Feature record: CXX_FEATURE:1cxx_strong_enums
    Feature record: CXX_FEATURE:1cxx_template_template_parameters
    Feature record: CXX_FEATURE:1cxx_thread_local
    Feature record: CXX_FEATURE:1cxx_trailing_return_types
    Feature record: CXX_FEATURE:1cxx_unicode_literals
    Feature record: CXX_FEATURE:1cxx_uniform_initialization
    Feature record: CXX_FEATURE:1cxx_unrestricted_unions
    Feature record: CXX_FEATURE:1cxx_user_literals
    Feature record: CXX_FEATURE:1cxx_variable_templates
    Feature record: CXX_FEATURE:1cxx_variadic_macros
    Feature record: CXX_FEATURE:1cxx_variadic_templates


Detecting CXX [-std=c++11] compiler features compiled with the following output:
Change Dir: /home/bas/project_eindwerk.ssh/eindwerk/build/CMakeFiles/CMakeTmp

Run Build Command:"/usr/bin/make" "cmTC_0fdfe/fast"
/usr/bin/make -f CMakeFiles/cmTC_0fdfe.dir/build.make CMakeFiles/cmTC_0fdfe.dir/build
make[1]: Entering directory '/home/bas/project_eindwerk.ssh/eindwerk/build/CMakeFiles/CMakeTmp'
Building CXX object CMakeFiles/cmTC_0fdfe.dir/feature_tests.cxx.obj
/home/bas/.espressif/tools/xtensa-esp32-elf/esp32-2019r1-8.2.0/xtensa-esp32-elf/bin/xtensa-esp32-elf-g++     -mlongcalls -Wno-frame-address    -std=c++11 -o CMakeFiles/cmTC_0fdfe.dir/feature_tests.cxx.obj -c /home/bas/project_eindwerk.ssh/eindwerk/build/CMakeFiles/feature_tests.cxx
Linking CXX executable cmTC_0fdfe
/usr/bin/cmake -E cmake_link_script CMakeFiles/cmTC_0fdfe.dir/link.txt --verbose=1
/home/bas/.espressif/tools/xtensa-esp32-elf/esp32-2019r1-8.2.0/xtensa-esp32-elf/bin/xtensa-esp32-elf-g++   -mlongcalls -Wno-frame-address   -nostdlib  CMakeFiles/cmTC_0fdfe.dir/feature_tests.cxx.obj  -o cmTC_0fdfe 
/home/bas/.espressif/tools/xtensa-esp32-elf/esp32-2019r1-8.2.0/xtensa-esp32-elf/bin/../lib/gcc/xtensa-esp32-elf/8.2.0/../../../../xtensa-esp32-elf/bin/ld: warning: cannot find entry symbol _start; defaulting to 0000000000400054
make[1]: Leaving directory '/home/bas/project_eindwerk.ssh/eindwerk/build/CMakeFiles/CMakeTmp'


    Feature record: CXX_FEATURE:0cxx_aggregate_default_initializers
    Feature record: CXX_FEATURE:1cxx_alias_templates
    Feature record: CXX_FEATURE:1cxx_alignas
    Feature record: CXX_FEATURE:1cxx_alignof
    Feature record: CXX_FEATURE:1cxx_attributes
    Feature record: CXX_FEATURE:0cxx_attribute_deprecated
    Feature record: CXX_FEATURE:1cxx_auto_type
    Feature record: CXX_FEATURE:0cxx_binary_literals
    Feature record: CXX_FEATURE:1cxx_constexpr
    Feature record: CXX_FEATURE:0cxx_contextual_conversions
    Feature record: CXX_FEATURE:1cxx_decltype
    Feature record: CXX_FEATURE:0cxx_decltype_auto
    Feature record: CXX_FEATURE:1cxx_decltype_incomplete_return_types
    Feature record: CXX_FEATURE:1cxx_default_function_template_args
    Feature record: CXX_FEATURE:1cxx_defaulted_functions
    Feature record: CXX_FEATURE:1cxx_defaulted_move_initializers
    Feature record: CXX_FEATURE:1cxx_delegating_constructors
    Feature record: CXX_FEATURE:1cxx_deleted_functions
    Feature record: CXX_FEATURE:0cxx_digit_separators
    Feature record: CXX_FEATURE:1cxx_enum_forward_declarations
    Feature record: CXX_FEATURE:1cxx_explicit_conversions
    Feature record: CXX_FEATURE:1cxx_extended_friend_declarations
    Feature record: CXX_FEATURE:1cxx_extern_templates
    Feature record: CXX_FEATURE:1cxx_final
    Feature record: CXX_FEATURE:1cxx_func_identifier
    Feature record: CXX_FEATURE:1cxx_generalized_initializers
    Feature record: CXX_FEATURE:0cxx_generic_lambdas
    Feature record: CXX_FEATURE:1cxx_inheriting_constructors
    Feature record: CXX_FEATURE:1cxx_inline_namespaces
    Feature record: CXX_FEATURE:1cxx_lambdas
    Feature record: CXX_FEATURE:0cxx_lambda_init_captures
    Feature record: CXX_FEATURE:1cxx_local_type_template_args
    Feature record: CXX_FEATURE:1cxx_long_long_type
    Feature record: CXX_FEATURE:1cxx_noexcept
    Feature record: CXX_FEATURE:1cxx_nonstatic_member_init
    Feature record: CXX_FEATURE:1cxx_nullptr
    Feature record: CXX_FEATURE:1cxx_override
    Feature record: CXX_FEATURE:1cxx_range_for
    Feature record: CXX_FEATURE:1cxx_raw_string_literals
    Feature record: CXX_FEATURE:1cxx_reference_qualified_functions
    Feature record: CXX_FEATURE:0cxx_relaxed_constexpr
    Feature record: CXX_FEATURE:0cxx_return_type_deduction
    Feature record: CXX_FEATURE:1cxx_right_angle_brackets
    Feature record: CXX_FEATURE:1cxx_rvalue_references
    Feature record: CXX_FEATURE:1cxx_sizeof_member
    Feature record: CXX_FEATURE:1cxx_static_assert
    Feature record: CXX_FEATURE:1cxx_strong_enums
    Feature record: CXX_FEATURE:1cxx_template_template_parameters
    Feature record: CXX_FEATURE:1cxx_thread_local
    Feature record: CXX_FEATURE:1cxx_trailing_return_types
    Feature record: CXX_FEATURE:1cxx_unicode_literals
    Feature record: CXX_FEATURE:1cxx_uniform_initialization
    Feature record: CXX_FEATURE:1cxx_unrestricted_unions
    Feature record: CXX_FEATURE:1cxx_user_literals
    Feature record: CXX_FEATURE:0cxx_variable_templates
    Feature record: CXX_FEATURE:1cxx_variadic_macros
    Feature record: CXX_FEATURE:1cxx_variadic_templates


Detecting CXX [-std=c++98] compiler features compiled with the following output:
Change Dir: /home/bas/project_eindwerk.ssh/eindwerk/build/CMakeFiles/CMakeTmp

Run Build Command:"/usr/bin/make" "cmTC_16eaa/fast"
/usr/bin/make -f CMakeFiles/cmTC_16eaa.dir/build.make CMakeFiles/cmTC_16eaa.dir/build
make[1]: Entering directory '/home/bas/project_eindwerk.ssh/eindwerk/build/CMakeFiles/CMakeTmp'
Building CXX object CMakeFiles/cmTC_16eaa.dir/feature_tests.cxx.obj
/home/bas/.espressif/tools/xtensa-esp32-elf/esp32-2019r1-8.2.0/xtensa-esp32-elf/bin/xtensa-esp32-elf-g++     -mlongcalls -Wno-frame-address    -std=c++98 -o CMakeFiles/cmTC_16eaa.dir/feature_tests.cxx.obj -c /home/bas/project_eindwerk.ssh/eindwerk/build/CMakeFiles/feature_tests.cxx
Linking CXX executable cmTC_16eaa
/usr/bin/cmake -E cmake_link_script CMakeFiles/cmTC_16eaa.dir/link.txt --verbose=1
/home/bas/.espressif/tools/xtensa-esp32-elf/esp32-2019r1-8.2.0/xtensa-esp32-elf/bin/xtensa-esp32-elf-g++   -mlongcalls -Wno-frame-address   -nostdlib  CMakeFiles/cmTC_16eaa.dir/feature_tests.cxx.obj  -o cmTC_16eaa 
/home/bas/.espressif/tools/xtensa-esp32-elf/esp32-2019r1-8.2.0/xtensa-esp32-elf/bin/../lib/gcc/xtensa-esp32-elf/8.2.0/../../../../xtensa-esp32-elf/bin/ld: warning: cannot find entry symbol _start; defaulting to 0000000000400054
make[1]: Leaving directory '/home/bas/project_eindwerk.ssh/eindwerk/build/CMakeFiles/CMakeTmp'


    Feature record: CXX_FEATURE:0cxx_aggregate_default_initializers
    Feature record: CXX_FEATURE:0cxx_alias_templates
    Feature record: CXX_FEATURE:0cxx_alignas
    Feature record: CXX_FEATURE:0cxx_alignof
    Feature record: CXX_FEATURE:0cxx_attributes
    Feature record: CXX_FEATURE:0cxx_attribute_deprecated
    Feature record: CXX_FEATURE:0cxx_auto_type
    Feature record: CXX_FEATURE:0cxx_binary_literals
    Feature record: CXX_FEATURE:0cxx_constexpr
    Feature record: CXX_FEATURE:0cxx_contextual_conversions
    Feature record: CXX_FEATURE:0cxx_decltype
    Feature record: CXX_FEATURE:0cxx_decltype_auto
    Feature record: CXX_FEATURE:0cxx_decltype_incomplete_return_types
    Feature record: CXX_FEATURE:0cxx_default_function_template_args
    Feature record: CXX_FEATURE:0cxx_defaulted_functions
    Feature record: CXX_FEATURE:0cxx_defaulted_move_initializers
    Feature record: CXX_FEATURE:0cxx_delegating_constructors
    Feature record: CXX_FEATURE:0cxx_deleted_functions
    Feature record: CXX_FEATURE:0cxx_digit_separators
    Feature record: CXX_FEATURE:0cxx_enum_forward_declarations
    Feature record: CXX_FEATURE:0cxx_explicit_conversions
    Feature record: CXX_FEATURE:0cxx_extended_friend_declarations
    Feature record: CXX_FEATURE:0cxx_extern_templates
    Feature record: CXX_FEATURE:0cxx_final
    Feature record: CXX_FEATURE:0cxx_func_identifier
    Feature record: CXX_FEATURE:0cxx_generalized_initializers
    Feature record: CXX_FEATURE:0cxx_generic_lambdas
    Feature record: CXX_FEATURE:0cxx_inheriting_constructors
    Feature record: CXX_FEATURE:0cxx_inline_namespaces
    Feature record: CXX_FEATURE:0cxx_lambdas
    Feature record: CXX_FEATURE:0cxx_lambda_init_captures
    Feature record: CXX_FEATURE:0cxx_local_type_template_args
    Feature record: CXX_FEATURE:0cxx_long_long_type
    Feature record: CXX_FEATURE:0cxx_noexcept
    Feature record: CXX_FEATURE:0cxx_nonstatic_member_init
    Feature record: CXX_FEATURE:0cxx_nullptr
    Feature record: CXX_FEATURE:0cxx_override
    Feature record: CXX_FEATURE:0cxx_range_for
    Feature record: CXX_FEATURE:0cxx_raw_string_literals
    Feature record: CXX_FEATURE:0cxx_reference_qualified_functions
    Feature record: CXX_FEATURE:0cxx_relaxed_constexpr
    Feature record: CXX_FEATURE:0cxx_return_type_deduction
    Feature record: CXX_FEATURE:0cxx_right_angle_brackets
    Feature record: CXX_FEATURE:0cxx_rvalue_references
    Feature record: CXX_FEATURE:0cxx_sizeof_member
    Feature record: CXX_FEATURE:0cxx_static_assert
    Feature record: CXX_FEATURE:0cxx_strong_enums
    Feature record: CXX_FEATURE:1cxx_template_template_parameters
    Feature record: CXX_FEATURE:0cxx_thread_local
    Feature record: CXX_FEATURE:0cxx_trailing_return_types
    Feature record: CXX_FEATURE:0cxx_unicode_literals
    Feature record: CXX_FEATURE:0cxx_uniform_initialization
    Feature record: CXX_FEATURE:0cxx_unrestricted_unions
    Feature record: CXX_FEATURE:0cxx_user_literals
    Feature record: CXX_FEATURE:0cxx_variable_templates
    Feature record: CXX_FEATURE:0cxx_variadic_macros
    Feature record: CXX_FEATURE:0cxx_variadic_templates
